<?xml version="1.0" encoding="UTF-8"?>
<testsuite name="com.example.brmproject.BrmprojectApplicationTests" tests="1" skipped="0" failures="0" errors="0" timestamp="2024-01-07T03:26:38" hostname="Air-cua-Nguyen" time="1.279">
  <properties/>
  <testcase name="contextLoads()" classname="com.example.brmproject.BrmprojectApplicationTests" time="1.279"/>
  <system-out><![CDATA[10:26:23.418 [Test worker] INFO org.springframework.test.context.support.AnnotationConfigContextLoaderUtils -- Could not detect default configuration classes for test class [com.example.brmproject.BrmprojectApplicationTests]: BrmprojectApplicationTests does not declare any static, non-private, non-final, nested classes annotated with @Configuration.
10:26:23.702 [Test worker] INFO org.springframework.boot.test.context.SpringBootTestContextBootstrapper -- Found @SpringBootConfiguration com.example.brmproject.BrmprojectApplication for test class com.example.brmproject.BrmprojectApplicationTests

  .   ____          _            __ _ _
 /\\ / ___'_ __ _ _(_)_ __  __ _ \ \ \ \
( ( )\___ | '_ | '_| | '_ \/ _` | \ \ \ \
 \\/  ___)| |_)| | | | | || (_| |  ) ) ) )
  '  |____| .__|_| |_|_| |_\__, | / / / /
 =========|_|==============|___/=/_/_/_/
 :: Spring Boot ::                (v3.2.1)

2024-01-07T10:26:25.944+07:00  INFO 11454 --- [    Test worker] c.e.b.BrmprojectApplicationTests         : Starting BrmprojectApplicationTests using Java 17.0.5 with PID 11454 (started by lance in /Users/lance/Documents/hackathonproject/brmproject/brmproject)
2024-01-07T10:26:25.962+07:00  INFO 11454 --- [    Test worker] c.e.b.BrmprojectApplicationTests         : No active profile set, falling back to 1 default profile: "default"
2024-01-07T10:26:28.511+07:00  INFO 11454 --- [    Test worker] .s.d.r.c.RepositoryConfigurationDelegate : Bootstrapping Spring Data JPA repositories in DEFAULT mode.
2024-01-07T10:26:28.756+07:00  INFO 11454 --- [    Test worker] .s.d.r.c.RepositoryConfigurationDelegate : Finished Spring Data repository scanning in 227 ms. Found 11 JPA repository interfaces.
2024-01-07T10:26:30.299+07:00  INFO 11454 --- [    Test worker] o.hibernate.jpa.internal.util.LogHelper  : HHH000204: Processing PersistenceUnitInfo [name: default]
2024-01-07T10:26:30.411+07:00  INFO 11454 --- [    Test worker] org.hibernate.Version                    : HHH000412: Hibernate ORM core version 6.4.1.Final
2024-01-07T10:26:30.487+07:00  INFO 11454 --- [    Test worker] o.h.c.internal.RegionFactoryInitiator    : HHH000026: Second-level cache disabled
2024-01-07T10:26:30.951+07:00  INFO 11454 --- [    Test worker] o.s.o.j.p.SpringPersistenceUnitInfo      : No LoadTimeWeaver setup: ignoring JPA class transformer
2024-01-07T10:26:31.011+07:00  INFO 11454 --- [    Test worker] com.zaxxer.hikari.HikariDataSource       : HikariPool-1 - Starting...
2024-01-07T10:26:31.306+07:00  INFO 11454 --- [    Test worker] com.zaxxer.hikari.pool.HikariPool        : HikariPool-1 - Added connection com.mysql.cj.jdbc.ConnectionImpl@45b27ad3
2024-01-07T10:26:31.310+07:00  INFO 11454 --- [    Test worker] com.zaxxer.hikari.HikariDataSource       : HikariPool-1 - Start completed.
2024-01-07T10:26:31.444+07:00  WARN 11454 --- [    Test worker] org.hibernate.orm.deprecation            : HHH90000025: MySQLDialect does not need to be specified explicitly using 'hibernate.dialect' (remove the property setting and it will be selected by default)
2024-01-07T10:26:34.057+07:00  INFO 11454 --- [    Test worker] o.h.e.t.j.p.i.JtaPlatformInitiator       : HHH000489: No JTA platform available (set 'hibernate.transaction.jta.platform' to enable JTA platform integration)
2024-01-07T10:26:34.322+07:00  INFO 11454 --- [    Test worker] j.LocalContainerEntityManagerFactoryBean : Initialized JPA EntityManagerFactory for persistence unit 'default'
2024-01-07T10:26:35.957+07:00  INFO 11454 --- [    Test worker] o.s.d.j.r.query.QueryEnhancerFactory     : Hibernate is in classpath; If applicable, HQL parser will be used.
2024-01-07T10:26:36.874+07:00  WARN 11454 --- [    Test worker] JpaBaseConfiguration$JpaWebConfiguration : spring.jpa.open-in-view is enabled by default. Therefore, database queries may be performed during view rendering. Explicitly configure spring.jpa.open-in-view to disable this warning
2024-01-07T10:26:37.650+07:00  INFO 11454 --- [    Test worker] o.s.s.web.DefaultSecurityFilterChain     : Will secure any request with [org.springframework.security.web.session.DisableEncodeUrlFilter@45488836, org.springframework.security.web.context.request.async.WebAsyncManagerIntegrationFilter@a9339e5, org.springframework.security.web.context.SecurityContextHolderFilter@566b1b0f, org.springframework.security.web.header.HeaderWriterFilter@79a1f55c, org.springframework.web.filter.CorsFilter@687313e1, org.springframework.security.web.authentication.logout.LogoutFilter@7df5358, com.example.brmproject.security.jwt.AuthTokenFilter@5f05cd7e, org.springframework.security.web.savedrequest.RequestCacheAwareFilter@23faae85, org.springframework.security.web.servletapi.SecurityContextHolderAwareRequestFilter@48f08e9, org.springframework.security.web.authentication.AnonymousAuthenticationFilter@6eaf016e, org.springframework.security.web.access.ExceptionTranslationFilter@73b6fbd1, org.springframework.security.web.access.intercept.AuthorizationFilter@1fba15d7]
2024-01-07T10:26:38.660+07:00  INFO 11454 --- [    Test worker] c.e.b.BrmprojectApplicationTests         : Started BrmprojectApplicationTests in 14.4 seconds (process running for 18.404)
]]></system-out>
  <system-err><![CDATA[]]></system-err>
</testsuite>
